<?xml version="1.0" encoding="UTF-8"?>
<!-- Generated by org.testng.reporters.JUnitReportReporter -->
<testsuite skipped="0" hostname="LAPTOP-7FLUI04S" name="com.crm.qa.testcases.HomePageTest" tests="3" failures="0" timestamp="16 Sep 2019 13:03:19 GMT" time="54.598" errors="0">
  <testcase name="verifyHomePageTitleTest" time="16.388" classname="com.crm.qa.testcases.HomePageTest"/>
  <testcase name="verifyContactsLinkTest" time="20.258" classname="com.crm.qa.testcases.HomePageTest"/>
  <testcase name="verifyCorretUserNameTest" time="17.952" classname="com.crm.qa.testcases.HomePageTest"/>
</testsuite> <!-- com.crm.qa.testcases.HomePageTest -->
